0 info it worked if it ends with ok
1 verbose cli [ 'C:\\Program Files\\nodejs\\node.exe',
1 verbose cli   'C:\\Program Files\\nodejs\\node_modules\\npm\\bin\\npm-cli.js',
1 verbose cli   'run',
1 verbose cli   'test:once' ]
2 info using npm@4.1.2
3 info using node@v7.7.0
4 verbose run-script [ 'pretest:once', 'test:once', 'posttest:once' ]
5 info lifecycle angular-quickstart@1.0.0~pretest:once: angular-quickstart@1.0.0
6 verbose lifecycle angular-quickstart@1.0.0~pretest:once: unsafe-perm in lifecycle true
7 verbose lifecycle angular-quickstart@1.0.0~pretest:once: PATH: C:\Program Files\nodejs\node_modules\npm\bin\node-gyp-bin;C:\Users\Nameeta\Documents\Webstorm2\Testing2\ToDoList-Assignment\node_modules\.bin;C:\Program Files\Java\jdk1.8.0_112\bin;C:\Program Files (x86)\Intel\OpenCL SDK\2.0\bin\x86;C:\Program Files (x86)\Intel\OpenCL SDK\2.0\bin\x64;C:\Program Files (x86)\Skype\Phone\;C:\Program Files (x86)\scala\bin;C:\Program Files\Git\cmd;C:\Program Files\nodejs\;C:\questasim_10.0b\win32;C:\Users\Nameeta\AppData\Roaming\npm
8 verbose lifecycle angular-quickstart@1.0.0~pretest:once: CWD: C:\Users\Nameeta\Documents\Webstorm2\Testing2\ToDoList-Assignment
9 silly lifecycle angular-quickstart@1.0.0~pretest:once: Args: [ '/d /s /c', 'npm run build' ]
10 silly lifecycle angular-quickstart@1.0.0~pretest:once: Returned: code: 0  signal: null
11 info lifecycle angular-quickstart@1.0.0~test:once: angular-quickstart@1.0.0
12 verbose lifecycle angular-quickstart@1.0.0~test:once: unsafe-perm in lifecycle true
13 verbose lifecycle angular-quickstart@1.0.0~test:once: PATH: C:\Program Files\nodejs\node_modules\npm\bin\node-gyp-bin;C:\Users\Nameeta\Documents\Webstorm2\Testing2\ToDoList-Assignment\node_modules\.bin;C:\Program Files\Java\jdk1.8.0_112\bin;C:\Program Files (x86)\Intel\OpenCL SDK\2.0\bin\x86;C:\Program Files (x86)\Intel\OpenCL SDK\2.0\bin\x64;C:\Program Files (x86)\Skype\Phone\;C:\Program Files (x86)\scala\bin;C:\Program Files\Git\cmd;C:\Program Files\nodejs\;C:\questasim_10.0b\win32;C:\Users\Nameeta\AppData\Roaming\npm
14 verbose lifecycle angular-quickstart@1.0.0~test:once: CWD: C:\Users\Nameeta\Documents\Webstorm2\Testing2\ToDoList-Assignment
15 silly lifecycle angular-quickstart@1.0.0~test:once: Args: [ '/d /s /c', 'karma start karma.conf.js --single-run' ]
16 silly lifecycle angular-quickstart@1.0.0~test:once: Returned: code: 1  signal: null
17 info lifecycle angular-quickstart@1.0.0~test:once: Failed to exec test:once script
18 verbose stack Error: angular-quickstart@1.0.0 test:once: `karma start karma.conf.js --single-run`
18 verbose stack Exit status 1
18 verbose stack     at EventEmitter.<anonymous> (C:\Program Files\nodejs\node_modules\npm\lib\utils\lifecycle.js:279:16)
18 verbose stack     at emitTwo (events.js:106:13)
18 verbose stack     at EventEmitter.emit (events.js:194:7)
18 verbose stack     at ChildProcess.<anonymous> (C:\Program Files\nodejs\node_modules\npm\lib\utils\spawn.js:40:14)
18 verbose stack     at emitTwo (events.js:106:13)
18 verbose stack     at ChildProcess.emit (events.js:194:7)
18 verbose stack     at maybeClose (internal/child_process.js:899:16)
18 verbose stack     at Process.ChildProcess._handle.onexit (internal/child_process.js:226:5)
19 verbose pkgid angular-quickstart@1.0.0
20 verbose cwd C:\Users\Nameeta\Documents\Webstorm2\Testing2\ToDoList-Assignment
21 error Windows_NT 6.1.7601
22 error argv "C:\\Program Files\\nodejs\\node.exe" "C:\\Program Files\\nodejs\\node_modules\\npm\\bin\\npm-cli.js" "run" "test:once"
23 error node v7.7.0
24 error npm  v4.1.2
25 error code ELIFECYCLE
26 error angular-quickstart@1.0.0 test:once: `karma start karma.conf.js --single-run`
26 error Exit status 1
27 error Failed at the angular-quickstart@1.0.0 test:once script 'karma start karma.conf.js --single-run'.
27 error Make sure you have the latest version of node.js and npm installed.
27 error If you do, this is most likely a problem with the angular-quickstart package,
27 error not with npm itself.
27 error Tell the author that this fails on your system:
27 error     karma start karma.conf.js --single-run
27 error You can get information on how to open an issue for this project with:
27 error     npm bugs angular-quickstart
27 error Or if that isn't available, you can get their info via:
27 error     npm owner ls angular-quickstart
27 error There is likely additional logging output above.
28 verbose exit [ 1, true ]
